<?xml version="1.0" encoding="UTF-8"?>
<!-- Generated by org.testng.reporters.JUnitXMLReporter -->
<testsuite ignored="0" hostname="DESKTOP-EVK9GMC" failures="0" tests="3" name="Test" time="119.133" errors="0" timestamp="2021-03-25T10:07:38 IST">
  <testcase classname="scripts.Addingproducttocart" name="addingtocart" time="17.61"/>
  <testcase classname="scripts.DownloadProductdetails" name="downloaddetails" time="53.392"/>
  <testcase classname="scripts.Deliveryproduct" name="delivery" time="7.03"/>
</testsuite> <!-- Test -->
