<?xml version="1.0" encoding="UTF-8"?>
<testng-results ignored="0" total="3" passed="3" failed="0" skipped="0">
  <reporter-output>
  </reporter-output>
  <suite started-at="2021-03-25T10:05:39 IST" name="Suite" finished-at="2021-03-25T10:07:38 IST" duration-ms="119133">
    <groups>
    </groups>
    <test started-at="2021-03-25T10:05:39 IST" name="Test" finished-at="2021-03-25T10:07:38 IST" duration-ms="119133">
      <class name="scripts.DownloadProductdetails">
        <test-method is-config="true" signature="openapp()[pri:0, instance:scripts.DownloadProductdetails@ba54932]" started-at="2021-03-25T10:06:12 IST" name="openapp" finished-at="2021-03-25T10:06:22 IST" duration-ms="10015" status="PASS">
          <reporter-output>
          </reporter-output>
        </test-method> <!-- openapp -->
        <test-method signature="downloaddetails()[pri:0, instance:scripts.DownloadProductdetails@ba54932]" started-at="2021-03-25T10:06:22 IST" name="downloaddetails" finished-at="2021-03-25T10:07:15 IST" duration-ms="53392" status="PASS">
          <reporter-output>
          </reporter-output>
        </test-method> <!-- downloaddetails -->
        <test-method is-config="true" signature="closeapp(org.testng.ITestResult)[pri:0, instance:scripts.DownloadProductdetails@ba54932]" started-at="2021-03-25T10:07:15 IST" name="closeapp" finished-at="2021-03-25T10:07:17 IST" duration-ms="1398" status="PASS">
          <params>
            <param index="0">
              <value>
                <![CDATA[[TestResult name=downloaddetails status=SUCCESS method=DownloadProductdetails.downloaddetails()[pri:0, instance:scripts.DownloadProductdetails@ba54932] output={null}]]]>
              </value>
            </param>
          </params>
          <reporter-output>
          </reporter-output>
        </test-method> <!-- closeapp -->
      </class> <!-- scripts.DownloadProductdetails -->
      <class name="scripts.Addingproducttocart">
        <test-method is-config="true" signature="openapp()[pri:0, instance:scripts.Addingproducttocart@574b560f]" started-at="2021-03-25T10:05:39 IST" name="openapp" finished-at="2021-03-25T10:05:53 IST" duration-ms="13915" status="PASS">
          <reporter-output>
          </reporter-output>
        </test-method> <!-- openapp -->
        <test-method signature="addingtocart()[pri:0, instance:scripts.Addingproducttocart@574b560f]" started-at="2021-03-25T10:05:53 IST" name="addingtocart" finished-at="2021-03-25T10:06:10 IST" duration-ms="17610" status="PASS">
          <reporter-output>
          </reporter-output>
        </test-method> <!-- addingtocart -->
        <test-method is-config="true" signature="closeapp(org.testng.ITestResult)[pri:0, instance:scripts.Addingproducttocart@574b560f]" started-at="2021-03-25T10:06:10 IST" name="closeapp" finished-at="2021-03-25T10:06:12 IST" duration-ms="1408" status="PASS">
          <params>
            <param index="0">
              <value>
                <![CDATA[[TestResult name=addingtocart status=SUCCESS method=Addingproducttocart.addingtocart()[pri:0, instance:scripts.Addingproducttocart@574b560f] output={null}]]]>
              </value>
            </param>
          </params>
          <reporter-output>
          </reporter-output>
        </test-method> <!-- closeapp -->
      </class> <!-- scripts.Addingproducttocart -->
      <class name="scripts.Deliveryproduct">
        <test-method is-config="true" signature="openapp()[pri:0, instance:scripts.Deliveryproduct@28975c28]" started-at="2021-03-25T10:07:17 IST" name="openapp" finished-at="2021-03-25T10:07:30 IST" duration-ms="12941" status="PASS">
          <reporter-output>
          </reporter-output>
        </test-method> <!-- openapp -->
        <test-method signature="delivery()[pri:0, instance:scripts.Deliveryproduct@28975c28]" started-at="2021-03-25T10:07:30 IST" name="delivery" finished-at="2021-03-25T10:07:37 IST" duration-ms="7030" status="PASS">
          <reporter-output>
          </reporter-output>
        </test-method> <!-- delivery -->
        <test-method is-config="true" signature="closeapp(org.testng.ITestResult)[pri:0, instance:scripts.Deliveryproduct@28975c28]" started-at="2021-03-25T10:07:37 IST" name="closeapp" finished-at="2021-03-25T10:07:38 IST" duration-ms="1307" status="PASS">
          <params>
            <param index="0">
              <value>
                <![CDATA[[TestResult name=delivery status=SUCCESS method=Deliveryproduct.delivery()[pri:0, instance:scripts.Deliveryproduct@28975c28] output={null}]]]>
              </value>
            </param>
          </params>
          <reporter-output>
          </reporter-output>
        </test-method> <!-- closeapp -->
      </class> <!-- scripts.Deliveryproduct -->
    </test> <!-- Test -->
  </suite> <!-- Suite -->
</testng-results>
